26 2 28 5 14 33 17 24 23 35 36 39 44 29 8 48 40 16 32 30 42 41 49 20 50 45 10 38 27 12 21 25 43 4 3 46 15 34 13 31 18 6 22 11 1 47 9 7 19 37
28 22 4 40 11 30 16 41 17 49 7 48 15 34 19 31 10 27 21 46 5 45 18 32 20 35 9 38 12 43 24 47 1 26 8 33 6 42 25 39 2 44 23 29 14 36 3 37 13 50
28 6 47 26 46 11 50 21 42 22 30 5 29 7 31 25 32 14 41 24 35 13 36 8 33 10 45 16 39 15 49 9 34 20 48 18 37 12 38 23 44 3 40 4 27 2 43 17 1 19
24 28 18 36 50 7 32 4 48 17 15 25 3 49 27 41 6 1 33 9 19 11 43 12 21 16 34 5 35 8 31 13 47 40 38 30 29 44 39 46 37 2 14 45 26 22 23 20 42 10
22 10 29 16 37 47 49 23 41 38 4 24 14 40 15 19 42 13 5 8 12 32 21 28 36 3 31 35 1 45 9 18 33 39 2 25 50 44 7 43 6 27 11 20 17 34 30 46 26 48
10 11 9 2 1 13 16 14 6 5 4 15 12 8 3 7
21 15 34 16 6 48 45 47 1 4 3 38 29 30 14 19 5 37 28 40 10 8 42 41 46 9 23 20 31 11 17 12 49 32 43 18 25 33 13 36 22 24 7 44 35 50 2 39 26 27
41 46 3 13 15 7 21 1 33 28 6 12 39 20 10 19 17 26 38 24 11 32 42 25 2 47 48 40 22 45 4 37 50 18 9 36 16 29 5 43 49 23 34 14 8 44 27 31 30 35
29 28 27 26 25 24 23 22 21 20 19 18 17 16 15 14 13 12 11 10 9 8 7 6 5 4 3 1 2 30
50 36 49 46 47 38 44 31 42 28 35 22 25 19 20 8 9 4 16 3 7 1 6 5 11 12 10 13 15 2 14 18 17 26 21 24 23 34 33 39 30 32 27 40 29 41 37 48 43 45
2 1 4 3 6 5 8 7
3 4 15 5 36 27 18 44 25 29 8 24 40 41 1 31 16 35 28 2 26 42 39 22 37 10 17 49 30 48 9 47 34 46 45 38 20 6 50 43 7 14 12 21 19 13 11 33 32 23
44 42 30 25 17 48 37 10 11 40 39 9 13 38 3 28 20 22 1 34 14 41 24 46 35 4 26 21 49 33 16 19 27 12 47 8 36 23 29 50 15 31 5 45 6 32 43 2 18 7
12 29 48 23 49 30 27 38 4 37 19 11 2 36 25 42 41 32 26 44 15 9 1 8 16 17 7 31 35 22 6 14 50 45 18 20 10 40 43 21 13 24 47 33 39 34 3 46 28 5
16 26 14 44 27 13 40 37 11 34 43 2 4 36 33 35 47 8 45 46 24 29 28 18 38 9 1 19 7 17 42 41 20 22 10 48 21 31 49 6 50 32 12 5 15 39 25 30 23 3
11 7 5 30 8 33 36 28 9 34 17 42 15 48 40 31 13 35 41 2 4 3 32 24 16 49 22 12 6 27 29 45 23 14 19 47 21 46 37 20 18 25 50 39 44 1 26 10 43 38
15 32 3 6 35 27 10 45 17 33 20 48 21 46 11 44 37 47 29 18 8 22 5 24 16 23 30 19 13 34 49 28 39 43 4 42 9 50 31 40 36 2 41 7 14 12 25 1 26 38
3 2 1 48 4 5 6 47 31 38 37 36 32 33 34 35 27 26 25 24 28 29 30 23 39 46 45 44 40 41 42 43 11 10 9 8 12 13 14 7 15 22 21 20 16 17 18 19
1 6 2 5 3 4
37 8 2 34 14 5 3 11 24 49 10 15 36 7 48 28 43 17 21 38 9 46 19 44 4 41 16 45 27 50 39 32 22 42 25 26 35 29 13 1 30 18 23 31 6 33 12 20 47 40
32 25 21 28 35 42 19 34 24 38 30 49 23 2 39 8 20 27 33 6 36 47 17 37 7 4 50 13 18 29 26 3 14 44 1 41 45 11 9 31 22 15 46 16 43 40 5 12 10 48
24 15 31 25 44 9 42 3 16 10 37 8 35 33 27 20 38 18 36 22 26 11 13 40 7 23 5 4 43 34 6 32 17 12 14 29 2 30 39 1 41 21 28 19
1 2 3 4 5 6 7 8 9 10 11 12 13 14 15 16 17 18 19 20 21 22 23 24 25 26 27 28 29 30 31 32 33 34 35 36 37 38 39 40 41 42 43 44 45 46 47 48 49 50
23 16 3 8 11 19 9 26 24 7 1 4 17 13 14 20 18 22 21 12 6 15 2 25 5 10
19 11 4 9 7 16 8 6 15 3 1 20 18 2 17 5 13 12 10 14
22 16 36 32 23 49 29 8 42 45 4 47 41 9 44 30 31 15 37 18 25 48 2 21 12 46 17 35 19 34 26 6 11 24 3 43 7 5 14 38 33 50 20 28 10 13 1 40 27 39
35 50 19 39 22 1 18 26 6 9 48 49 28 10 46 15 44 16 32 45 7 20 12 38 30 34 4 41 17 23 36 29 11 24 14 25 33 31 3 40 37 21 42 27 43 47 5 8 13 2
23 32 30 6 37 15 46 44 34 25 43 45 21 38 35 14 13 28 29 50 19 12 18 5 47 48 2 33 36 17 26 39 27 9 31 11 3 40 20 24 42 10 7 8 41 16 49 1 4 22
28 7 29 42 23 4 36 15 27 13 41 2 3 34 11 37 20 21 44 16 14 46 9 30 10 39 6 31 45 43 50 8 47 22 33 40 19 24 18 1 32 35 48 26 38 5 25 17 49 12
4 2 6 1 10 15 30 33 9 13 18 14 20 24 8 11 16 21 28 23 29 25 36 22 17 43 19 44 26 32 27 46 34 7 41 39 31 40 12 38 45 37 47 42 35 48 49 50 3 5
1 17 48 28 41 29 4 32 20 40 2 39 24 27 34 11 50 13 8 10 6 21 31 9 14 7 16 3 5 19 18 33 46 23 47 37 12 45 49 36 30 22 38 35 44 25 43 15 26 42
7 8 5 3 2 1 4 6 46 47 48 45 44 41 42 43 14 15 16 13 12 9 10 23 24 21 20 17 18 19 11 27 22 38 39 40 37 36 33 34 35 30 31 32 29 28 25 26
27 15 47 9 23 28 12 35 10 43 42 30 26 41 20 48 33 45 3 14 5 44 16 38 49 7 36 8 31 37 19 46 2 50 11 18 24 21 1 4 29 17 32 22 13 34 39 25 40 6
40 42 10 11 12 37 20 25 43 32 50 49 22 14 47 18 13 16 39 5 46 30 15 45 1 41 38 48 8 6 36 31 2 17 23 34 3 24 21 35 19 9 27 28 33 4 44 7 26 29
39 11 50 7 16 12 36 49 40 13 47 22 44 27 5 17 38 2 3 45 20 4 30 1 8 42 24 23 9 37 18 33 6 25 14 34 15 43 19 46 31 10 48 28 21 35 29 32 41 26
7 8 4 5 1 2 3 27 28 32 31 26 25 29 30 46 45 41 42 47 48 44 43 6 11 12 16 15 10 9 13 14 19 18 17 21 20 24 23 22 35 34 33 37 38 39 40 36
14 10 11 15 8 7 6 12 1 13 5 3 4 9 2 20 33 37 35 17 18 39 28 16 46 27 19 24 30 49 42 25 34 31 26 38 23 21 44 45 32 43 36 29 41 50 47 22 40 48
20 19 11 12 13 14 15 17 16 18 21 22 23 26 28 29 27 25 24 30 10 1 2 3 4 5 7 6 8 9
20 24 18 49 44 40 14 9 32 45 31 15 19 21 27 39 28 8 22 5 33 26 37 23 4 29 46 41 10 1 2 42 36 35 12 13 6 38 50 48 3 7 17 43 34 30 25 16 11 47
49 45 35 20 30 31 1 3 41 2 5 48 8 13 43 16 33 18 19 28 25 47 46 38 39 40 10 26 24 34 29 9 17 23 27 44 15 11 36 7 21 50 14 22 12 4 42 6 32 37
47 49 6 8 31 32 23 34 25 42 15 36 33 40 37 48 41 44 11 28 19 22 4 3 14 2 12 7 16 13 18 1 20 17 30 29 35 38 21 24 9 26 5 10 27 46 43 50 45 39
1 6 11 36 9 8 43 10 35 30 24 4 42 48 16 12 38 37 46 20 32 49 15 44 14 26 28 40 2 25 27 39 45 29 22 18 41 13 23 31 17 5 33 3 21 47 34 50 7 19
28 34 37 22 31 17 33 1 42 15 20 29 9 38 48 50 25 19 35 8 3 24 49 4 23 21 39 5 40 18 12 45 6 26 47 41 44 14 11 7 2 36 46 13 32 30 16 27 10 43
9 4 6 3 7 10 8 5 1 2
30 24 26 21 29 22 25 27 23 28 6 1 4 47 19 11 20 49 48 50 17 38 31 39 8 34 33 35 15 12 14 44 41 43 3 5 7 36 9 2 10 37 32 40 16 13 18 45 42 46
2 19 33 45 37 26 27 41 29 16 5 11 30 32 18 14 39 38 40 6 8 44 50 43 47 46 23 35 17 10 20 7 13 49 3 48 24 28 21 12 9 34 42 15 4 36 31 25 1 22
40 11 37 12 48 35 13 23 17 42 4 46 30 24 39 20 21 41 28 7 9 19 44 36 6 8 22 43 14 45 10 49 31 2 3 16 5 25 26 50 29 38 27 15 47 34 18 33 32 1
17 16 15 14 13 12 18 21 37 32 2 42 29 27 11 35 25 47 41 36 22 24 4 50 48 7 49 45 6 30 1 31 28 20 26 44 5 10 33 39 43 34 19 38 3 8 46 9 23 40
4 2 38 26 11 12 30 44 28 7 25 48 40 27 3 20 6 23 41 35 39 24 49 29 32 13 33 18 9 21 1 50 15 17 19 8 45 14 36 46 31 10 34 22 5 16 43 47 37 42
37 35 43 13 47 41 26 16 45 14 46 22 34 23 8 28 49 32 39 27 25 10 15 21 5 7 6 40 50 24 38 30 48 36 31 20 33 44 12 29 11 4 1 42 17 2 19 18 9 3
9 39 11 40 30 7 29 49 36 12 35 38 24 13 19 33 44 5 17 18 32 45 4 21 37 48 22 8 26 23 15 25 20 6 14 2 3 47 46 31 10 27 1 43 50 28 16 34 41 42
31 32 23 1 4 50 48 20 21 33 6 14 19 18 42 12 45 5 30 49 3 38 9 27 46 10 25 7 40 47 29 41 2 39 26 11 44 43 16 13 17 28 15 37 35 8 36 24 34 22
33 14 26 40 9 41 18 4 36 44 49 45 30 50 3 29 35 46 43 21 19 11 5 31 47 2 48 22 1 16 42 8 24 20 10 25 39 27 34 38 13 6 28 37 7 23 17 12 15 32
1 7 17 16 9 21 14 3 13 20 6 10 19 22 5 15 11 4 8 2 12 18
20 24 23 22 27 26 25 29 28 32 31 30 43 42 41 45 44 48 47 46 38 39 40 36 37 33 34 35 14 15 16 12 13 9 10 11 3 2 1 5 4 8 7 6 19 18 17 21
8 15 6 3 39 38 33 12 5 29 45 11 2 21 14 20 32 36 44 48 30 37 24 43 40 27 19 22 34 25 1 9 17 18 23 10 13 4 42 49 16 31 50 41 46 26 35 7 28 47
2 1 3 4
3 9 5 8 2 4 6 7 1 10
5 4 8 7 6 1 2 3 9 10 15 14 50 49 43 42 41 46 47 48 44 45 40 39 33 32 31 36 37 38 34 35 30 29 23 22 21 26 27 28 24 25 20 19 13 12 11 16 17 18
18 6 38 31 47 41 35 26 8 40 17 29 11 42 33 21 2 23 44 5 19 49 50 9 1 28 32 34 25 22 16 10 39 14 15 13 12 43 3 24 46 7 37 36 30 45 20 27 48 4
21 13 1 45 7 12 25 5 2 34 26 29 14 48 37 20 11 47 40 41 15 49 50 32 10 9 18 46 33 36 17 4 24 28 22 42 8 43 23 35 44 6 30 27 16 38 39 19 31 3
1 2 26 27 28 4 3 5 29 31 30 6 7 8 32 33 34 10 9 11 35 37 36 12 13 14 38 39 40 16 15 17 41 43 42 18 19 20 44 45 46 22 21 23 47 49 48 24 25 50
44 1 20 6 2 43 23 49 37 14 45 35 36 5 9 34 47 31 21 48 27 29 10 17 24 8 26 4 15 18 7 33 11 13 39 32 38 46 50 22 3 19 28 41 40 25 30 12 16 42
3 1 2 4
40 5 49 28 23 46 45 17 26 1 9 42 3 50 24 13 34 39 7 19 6 48 35 22 10 15 38 25 21 47 37 16 44 30 8 27 29 33 14 31 4 43 20 32 18 2 41 36 11 12
38 39 40 41 42 43 44 45 37 36 35 34 33 32 31 30 29 28 27 1 2 3 4 5 6 7 8 9 10 11 12 13 14 15 16 17 18 19 20 21 22 23 24 25 26 50 49 48 47 46
6 16 19 21 25 17 28 12 7 38 36 30 37 40 10 2 39 14 27 24 20 15 4 1 34 26 18 31 9 22 23 13 35 5 3 11 32 8 33 29
1 3 2 4 6 5 7 9 8 10 12 11 13 15 14 16 18 17 19 21 20 22 24 23 25 27 26 28 30 29 31 33 32 34 36 35 37 39 38 40 42 41 43 45 44 46 48 47 49 50
40 3 19 2 20 4 34 46 39 33 31 37 26 14 32 24 41 22 29 7 12 8 36 17 23 30 43 21 48 5 16 27 49 18 35 25 42 6 10 38 1 11 44 9 15 47 28 45 13 50
1 8 33 10 15 49 36 17 46 24 25 12 32 40 48 47 29 31 34 9 21 30 19 38 45 16 2 18 11 13 28 3 4 5 20 7 35 22 14 44 50 27 6 42 41 39 37 23 43 26
4 6 1 8 5 2 7 10 3 9
9 5 6 7 8 12 11 10 22 21 25 18 19 20 16 15 14 13 17 50 4 3 2 1 23 24 28 27 26 33 29 30 31 32 36 35 34 41 37 38 39 40 44 43 42 49 45 46 47 48
24 17 35 48 44 13 6 34 23 9 33 39 16 45 1 26 5 50 29 46 36 31 11 49 27 2 20 4 10 8 41 42 19 43 3 21 15 30 25 37 47 14 22 18 7 40 28 38 32 12
7 8 4 5 1 2 3 22 23 24 20 21 17 18 19 30 31 32 28 29 25 26 27 14 15 16 12 13 9 10 11 6 46 35 34 33 37 36 40 39 38 43 42 41 45 44 48 47
9 4 3 11 12 15 8 14 16 7 17 2 18 13 10 1 6 5
23 15 11 5 21 22 24 9 3 26 10 13 18 12 6 16 19 4 17 20 7 2 25 27 8 14 28 1
26 4 2 23 32 5 12 29 13 19 36 25 39 9 24 6 27 34 33 7 10 20 14 21 3 15 22 1 18 40 35 16 17 30 11 31 28 38 8 37
33 16 14 29 34 1 25 17 43 49 37 23 31 21 32 35 28 6 38 15 18 9 5 4 44 12 11 2 45 19 27 41 50 42 26 24 10 36 20 8 39 47 3 40 48 22 13 30 7 46
33 14 27 26 46 3 10 9 47 13 12 22 20 15 40 41 4 44 25 48 16 29 2 6 18 31 36 5 30 17 49 7 43 32 50 42 19 39 35 34 24 11 21 1 45 38 8 37 28 23
2 1 4 3 8 5 6 7 10 9 12 11 14 13 16 15 18 17 20 19 22 21 24 23 26 25 28 27 30 29 32 31 34 33 36 35 38 37 40 39 42 41 44 43 46 45 48 47 50 49
14 4 19 33 47 21 13 9 26 42 23 41 39 31 2 6 20 45 49 27 11 7 15 28 48 44 8 25 18 37 38 50 22 16 12 32 40 29 3 17 1 30 43 36 24 5 10 46 34 35
24 49 1 30 50 19 14 20 26 42 8 47 27 15 2 28 12 33 44 9 29 25 43 21 5 39 6 40 4 7 41 48 18 38 34 32 23 10 11 31 16 17 45 22 37 3 35 13 36 46
39 41 44 33 27 30 22 13 36 20 19 5 8 2 12 11 29 48 9 18 10 24 21 49 50 43 45 46 4 1 23 31 42 32 25 34 7 38 6 14 3 47 17 26 15 28 16 40 35 37
36 34 19 20 40 11 25 41 31 35 18 29 17 44 32 4 42 21 22 10 43 30 7 37 45 9 6 13 50 2 14 39 8 33 28 1 16 3 47 38 27 15 5 48 23 26 46 12 49 24
18 48 50 49 10 42 12 26 32 17 34 40 46 9 24 30 47 22 44 13 19 3 15 4 1 37 35 29 2 31 45 23 14 5 36 27 16 8 6 20 43 41 25 21 33 38 39 28 7 11
3 2 29 28 27 26 25 24 23 22 21 20 19 18 17 16 15 14 13 12 11 10 9 8 7 6 5 4 1 30
21 22 26 27 28 24 25 20 23 29 30 35 31 32 36 37 38 34 33 39 40 45 44 48 47 46 41 42 43 49 1 5 4 8 7 6 50 2 3 9 10 15 14 18 17 16 11 12 13 19
34 45 27 11 24 12 39 20 42 22 46 36 18 28 5 31 1 14 35 26 6 10 3 38 17 21 25 33 44 16 30 47 49 7 41 2 37 8 43 40 4 9 19 48 32 15 29 50 23 13
2 5 6 1 3 4
9 27 38 6 43 15 37 7 20 41 21 10 5 50 18 36 34 25 47 42 39 2 22 32 30 29 44 1 11 24 23 8 12 14 26 28 46 40 13 33 48 19 45 4 16 35 3 49 31 17
8 35 16 28 5 11 41 33 26 4 7 37 12 10 20 22 42 43 36 17 46 29 1 15 27 18 24 30 9 32 45 2 31 40 25 50 38 3 14 19 39 21 47 48 6 13 49 23 34 44
28 8 9 5 29 31 10 13 25 7 19 6 3 2 16 18 26 1 17 11 15 30 20 22 27 23 4 32 12 24 21 14
31 42 40 45 15 34 50 25 13 37 48 44 30 39 49 47 14 9 36 16 29 46 18 6 38 1 19 27 41 11 4 35 12 8 26 32 5 17 43 22 20 21 2 7 24 33 3 23 10 28
3 2 1 5 4 7 8 6
47 8 50 34 26 5 13 41 11 30 28 22 24 20 40 32 48 37 9 19 21 14 10 42 46 16 2 33 27 35 23 45 17 44 4 36 38 3 39 1 31 25 49 18 7 6 15 12 29 43
3 17 40 26 4 37 10 33 21 45 9 18 31 12 27 49 15 28 38 50 11 25 48 41 13 42 22 23 34 47 36 19 46 24 32 7 5 44 35 2 29 16 14 20 30 6 1 39 8 43
2 26 22 47 13 32 30 44 34 50 5 25 39 20 4 23 1 8 41 42 19 24 28 17 38 37 48 40 21 31 29 3 33 11 7 36 46 16 49 9 18 6 45 27 15 35 12 43 10 14
15 36 18 7 13 21 50 9 29 3 24 48 12 49 47 19 17 16 38 35 25 23 1 41 44 34 39 6 30 4 22 31 20 42 43 33 32 37 11 8 45 14 5 2 46 27 40 10 28 26
1 2 3 16 15 6 7 8 9 11 10 5 4 12 13 14
9 10 2 7 4 3 8 5 6 1
