18 11 10 4 12 15 3 9 2 13 5 6 7 8 1 16 14 17
41 28 19 2 48 5 26 42 12 24 9 32 45 11 40 25 43 21 22 49 14 31 37 44 18 27 34 4 33 46 6 15 7 29 17 47 13 20 1 8 30 35 16 23 38 36 39 10 50 3
9 3 2 8 7 16 14 21 20 43 36 48 49 50 46 47 45 25 19 22 18 32 31 41 37 40 39 44 34 35 24 26 23 29 12 13 5 6 4 10 1 11 33 27 38 17 42 28 15 30
44 43 5 4 46 45 3 2 1 47 48 24 23 25 26 27 21 22 28 20 19 29 30 18 17 31 32 33 15 16 34 14 13 35 36 12 11 37 38 10 40 39 9 8 7 41 42 6
46 24 44 8 9 45 33 43 19 40 11 30 48 22 25 12 18 36 28 3 35 16 2 50 38 4 5 15 31 39 37 34 17 6 14 26 21 23 42 29 47 27 20 10 7 49 1 41 32 13
44 17 14 4 48 5 23 8 37 3 11 22 47 39 28 27 50 41 6 25 26 1 20 30 15 42 32 29 16 10 40 35 33 34 36 38 24 7 21 45 2 12 43 31 46 13 9 18 49 19
1 5 3 4 2 6
4 29 50 28 18 38 42 10 40 7 23 31 46 16 24 19 17 37 35 14 11 8 34 26 27 41 13 45 22 25 1 43 6 47 39 3 21 2 48 12 44 15 33 32 49 20 36 30 5 9
1 8 5 4 2 3 7 6
45 44 43 42 41 40 39 38 37 36 35 34 33 32 31 30 29 28 27 26 25 24 23 22 21 20 19 18 17 16 15 14 13 12 11 10 9 8 7 6 5 4 3 49 48 47 46 1 2 50
32 8 15 11 20 2 14 31 25 30 19 3 12 1 18 26 16 35 21 27 10 22 29 36 28 34 7 24 23 5 9 6 4 33 13 17
27 29 3 37 42 22 43 6 18 46 5 12 11 8 32 41 48 7 31 15 33 24 44 34 1 35 30 40 26 4 25 36 14 20 45 38 13 10 17 16 2 19 23 47 39 21 28 9
17 30 5 7 1 8 37 40 49 34 20 42 11 27 31 22 32 25 36 12 45 16 21 18 14 29 46 43 50 39 10 35 47 48 9 13 28 44 2 4 41 6 33 23 24 15 38 19 3 26
7 8 9 10 11 12 3 2 1 16 17 18 4 5 6 13 14 15
25 4 47 1 20 26 38 44 48 33 31 28 21 23 49 22 46 45 5 19 13 32 37 3 8 50 35 43 16 14 6 41 36 18 7 29 11 17 39 27 2 42 15 30 12 24 34 10 9 40
18 11 31 24 7 13 38 1 26 9 40 3 28 39 12 32 20 4 42 46 27 49 23 14 6 45 34 21 25 37 2 30 8 47 16 48 36 35 41 19 10 22 15 50 44 5 33 17 43 29
48 7 50 13 32 46 23 49 2 47 38 19 39 4 10 33 12 29 6 24 45 41 27 16 31 43 14 44 36 5 30 15 40 34 18 26 20 35 21 37 17 11 25 42 22 1 28 8 3 9
2 38 39 18 20 28 4 33 1 45 23 30 6 46 37 14 26 22 27 15 3 12 11 21 5 9 17 7 19 10 44 24 36 42 35 29 40 13 25 8 32 16 41 43 34 31
43 30 46 8 6 20 17 18 33 7 4 22 13 2 31 41 3 39 16 45 29 19 21 9 32 34 38 24 10 11 37 23 27 5 35 42 26 1 36 14 44 40 25 15 28 12
21 13 16 28 23 41 50 30 39 47 48 25 42 46 49 14 44 20 3 9 12 8 19 31 7 33 6 18 17 38 10 27 34 32 11 40 43 29 45 22 24 1 35 15 4 5 36 37 2 26
45 48 8 32 26 14 11 30 6 19 37 47 36 38 42 44 27 16 20 18 10 28 49 34 25 15 4 2 5 24 39 50 3 33 41 9 21 17 35 29 7 1 31 46 12 23 43 13 40 22
12 21 22 18 20 14 13 17 4 1 7 24 26 9 19 11 8 3 16 23 6 15 2 25 5 10
16 1 10 21 15 13 26 29 18 5 2 24 30 19 7 12 9 4 6 8 25 23 22 17 28 20 27 11 14 3
8 9 7 17 18 16 26 27 25 35 36 34 44 43 2 3 1 12 11 10 20 21 19 29 30 28 39 37 38 41 40 42 31 33 32 22 24 23 13 14 15 5 6 4
5 18 46 27 47 37 10 42 14 50 11 30 31 26 22 2 9 6 20 41 23 48 49 13 45 39 17 25 38 33 4 28 19 16 1 34 29 8 36 32 12 35 40 43 7 21 24 3 44 15
14 10 13 33 3 44 29 41 31 35 32 22 9 40 30 1 8 45 16 19 24 17 37 21 48 34 28 50 15 2 18 7 36 4 46 43 25 49 6 11 26 38 20 27 39 5 42 23 12 47
35 21 13 19 9 17 39 40 48 32 34 18 10 25 11 5 12 49 6 4 42 23 26 31 38 8 44 41 30 33 28 47 43 16 50 3 22 14 27 45 29 7 20 37 46 1 15 36 2 24
22 39 13 47 9 16 37 2 4 48 49 33 7 18 15 28 50 35 31 27 11 30 21 36 44 32 12 10 29 26 20 45 42 41 8 34 23 14 38 3 43 19 40 5 6 46 25 1 24 17
18 17 16 15 14 13 12 11 10 1 3 2 34 49 50 33 26 25 47 9 23 5 6 39 40 41 42 27 28 37 38 46 45 48 7 8 35 36 44 43 24 4 22 29 30 31 32 19 20 21
33 28 22 18 17 42 35 12 41 37 23 1 44 5 50 31 6 48 7 29 26 4 16 47 8 24 10 21 15 40 25 27 30 36 45 32 20 14 49 19 38 13 34 9 46 2 11 39 3 43
39 48 45 17 23 7 1 16 34 42 37 5 21 24 29 18 11 8 38 2 30 44 4 35 27 9 15 33 40 10 41 28 13 26 25 31 46 14 36 32 20 3 43 19 47 12 22 6
4 3 2 1 8 7 6 36 35 34 38 39 40 33 25 17 24 23 22 18 19 20 21 37 9 13 12 11 10 14 15 16 32 31 30 26 27 28 29 5 41 45 44 43 42 46 47 48
7 11 14 22 1 26 31 16 32 23 20 12 2 18 9 13 21 6 27 8 5 30 19 4 17 25 15 3 24 10 29 28
