25 1 27 4 13 32 16 23 22 34 35 38 43 28 7 47 39 15 31 29 41 40 48 19 49 44 9 37 26 11 20 24 42 3 2 45 14 33 12 30 17 5 21 10 0 46 8 6 18 36
30 5 29 4 28 3 27 2 26 1 25 0 6 31 7 32 8 33 9 34 10 35 11 36 12 37 13 38 14 39 15 40 16 41 17 42 18 43 19 44 20 45 21 46 22 47 23 48 24 49
33 19 47 17 36 8 35 12 34 23 46 25 45 15 44 9 32 10 49 20 48 14 38 21 29 4 28 11 37 22 43 2 39 3 26 1 41 7 27 5 42 16 40 13 31 24 30 6 0 18
7 30 8 32 13 1 36 45 15 18 35 49 14 24 5 0 23 43 28 20 47 16 12 46 39 37 2 48 38 42 11 4 34 21 22 19 29 33 9 41 6 31 3 17 27 10 25 44 26 40
9 21 18 41 43 49 39 13 19 10 35 27 42 6 14 23 3 16 33 2 30 34 45 29 24 1 38 32 36 46 48 0 44 8 17 25 28 37 40 22 47 20 31 5 26 4 12 15 11 7
6 2 13 11 7 5 0 8 10 9 1 4 3 14 12 15
33 4 26 14 20 19 32 24 44 46 0 3 2 37 28 29 13 18 6 39 27 36 9 7 47 25 38 1 16 10 30 17 42 31 48 11 41 40 45 8 15 5 43 34 49 12 35 21 23 22
44 17 40 45 2 0 20 29 42 13 33 46 1 30 26 43 7 31 24 41 22 48 5 27 32 6 14 12 8 35 15 28 4 3 49 36 11 38 19 9 18 16 25 37 23 10 47 39 21 34
28 27 26 25 24 23 22 21 20 19 18 17 16 15 14 13 12 11 10 9 8 7 6 5 4 3 2 0 1 29
37 38 27 44 30 39 28 41 26 31 24 34 29 47 42 48 21 23 22 33 20 25 18 19 16 17 15 12 13 14 11 10 9 8 7 6 5 4 3 2 1 0 43 32 40 35 49 45 46 36
1 0 3 2 5 4 7 6
14 3 2 1 25 41 38 21 36 9 16 48 44 37 19 5 49 42 6 13 11 15 30 0 40 39 23 4 35 26 17 22 31 32 7 28 24 43 27 34 29 47 8 46 33 45 10 12 18 20
10 39 42 37 2 27 16 47 36 9 17 20 48 32 15 4 30 14 49 24 29 45 23 40 13 25 12 28 22 44 5 31 1 19 21 35 7 41 0 33 46 11 26 18 8 38 43 34 3 6
31 40 48 22 47 25 43 14 23 2 45 27 4 0 8 41 24 35 1 11 28 5 18 10 32 38 33 21 34 30 6 16 46 29 26 19 9 15 3 37 36 42 39 20 12 13 49 44 17 7
15 25 13 43 26 12 39 36 10 33 42 1 3 35 32 34 46 7 44 45 23 28 27 17 37 8 0 18 6 16 41 40 19 21 9 47 20 30 48 5 49 31 11 4 14 38 24 29 22 2
11 21 4 29 38 49 24 17 19 36 27 8 33 16 41 32 7 15 48 46 30 12 34 40 1 35 37 5 26 43 0 3 23 31 2 14 47 10 6 39 20 45 25 9 42 28 44 18 13 22
30 39 8 41 3 40 47 20 45 10 23 42 17 7 21 4 19 32 49 6 18 12 33 13 36 43 34 26 35 1 38 27 48 15 22 29 16 44 9 28 46 5 2 14 31 11 24 0 37 25
29 21 14 15 16 28 27 23 22 6 13 12 11 7 8 20 19 18 17 9 10 2 1 0 47 3 4 5 46 26 25 24 36 35 31 32 33 34 37 30 42 41 40 39 43 44 45 38
3 0 5 1 4 2
24 25 18 45 21 9 48 16 42 27 47 31 1 15 44 33 13 0 29 17 22 30 5 32 11 19 46 39 12 28 34 6 7 36 43 3 38 49 26 41 8 37 20 4 2 10 14 35 40 23
31 24 27 20 30 8 5 17 28 46 16 36 6 48 35 42 15 45 14 34 41 18 33 23 37 7 21 43 13 2 25 40 1 38 19 26 32 0 29 22 39 4 11 9 47 44 10 12 49 3
22 4 5 31 16 11 13 28 1 43 7 34 32 26 19 37 25 10 21 12 36 2 33 6 42 24 30 14 41 8 0 38 29 40 20 27 18 35 17 3 9 15 39 23
0 1 2 3 4 5 6 7 8 9 10 11 12 13 14 15 16 17 18 19 20 21 22 23 24 25 26 27 28 29 30 31 32 33 34 35 36 37 38 39 40 41 42 43 44 45 46 47 48 49
15 2 7 10 18 8 25 23 6 0 3 16 12 13 19 22 9 4 24 1 14 5 11 20 21 17
7 15 10 18 13 9 11 12 4 16 19 5 14 2 0 17 1 3 8 6
0 39 26 38 16 47 34 18 33 10 5 12 1 28 48 22 35 31 46 3 44 37 32 29 43 8 20 11 45 36 49 19 27 9 7 41 4 13 25 17 24 21 15 40 30 14 23 2 42 6
27 9 45 14 43 15 31 44 6 19 11 42 46 34 29 33 3 40 32 24 13 16 22 37 41 26 7 4 48 47 8 5 25 17 0 21 38 18 1 12 36 20 35 28 10 23 49 39 2 30
45 43 33 24 10 2 19 39 11 9 6 7 28 14 25 31 48 15 44 42 32 1 47 46 4 16 17 5 40 35 29 20 0 49 18 36 21 3 30 8 26 38 23 41 22 27 12 13 34 37
46 21 29 14 26 12 40 1 2 27 11 48 36 7 41 22 3 32 18 39 38 15 10 33 43 5 30 44 42 16 24 35 23 37 4 6 28 9 0 31 34 17 20 19 25 47 49 13 45 8
3 4 2 26 45 40 33 14 29 5 0 9 1 6 13 17 12 8 32 18 42 16 21 7 10 15 20 27 22 28 24 35 31 25 43 19 23 37 11 39 30 38 46 41 34 47 44 36 48 49
48 44 18 14 37 21 40 11 36 28 4 27 47 16 0 39 1 31 3 32 42 24 43 34 6 13 35 46 22 45 15 2 8 30 20 5 9 17 19 23 26 38 33 10 49 12 7 41 25 29
28 27 24 25 26 21 10 29 30 31 32 35 36 39 38 37 42 13 14 9 8 11 12 15 16 19 20 23 22 17 18 5 6 7 4 2 1 0 3 41 40 43 44 47 46 45 34 33
6 36 18 45 49 1 14 46 19 34 9 42 41 29 11 26 21 12 33 17 10 40 25 27 16 31 4 43 8 39 24 38 32 44 2 15 48 37 0 3 28 5 47 30 7 35 13 23 20 22
41 39 45 36 46 22 12 17 37 4 38 44 14 29 35 30 1 16 33 2 23 20 34 19 47 7 5 32 40 0 24 42 31 49 8 26 6 25 27 18 13 21 48 11 10 9 3 43 15 28
2 1 18 43 21 7 40 25 34 42 39 33 4 26 47 9 30 45 19 44 5 8 36 17 32 11 35 16 37 13 24 14 31 28 3 22 23 41 0 29 48 38 10 49 6 15 46 12 20 27
11 15 14 9 8 12 38 39 35 36 32 33 6 7 3 2 1 0 4 5 13 21 10 18 17 16 20 19 23 22 44 40 41 46 47 43 42 34 26 45 37 29 28 24 25 30 31 27
38 17 33 24 26 18 47 39 21 43 20 37 41 48 46 22 44 27 15 23 29 25 30 45 31 42 35 19 36 32 28 34 16 49 40 3 13 9 2 4 12 0 11 6 5 8 1 7 14 10
20 21 22 25 26 23 24 27 28 29 4 8 9 0 1 2 3 6 5 7 10 11 12 13 14 15 16 17 18 19
22 5 20 26 25 32 4 2 47 0 23 17 49 34 27 8 3 1 41 44 30 16 12 11 38 29 48 14 7 21 31 42 33 18 6 13 39 43 37 9 19 28 45 40 24 15 10 46 36 35
30 29 19 34 44 16 37 0 2 28 8 10 3 35 6 47 33 38 45 46 36 31 24 4 1 48 27 18 11 21 39 9 25 17 32 15 14 43 26 7 12 42 22 40 20 49 13 41 5 23
26 9 4 25 20 37 34 35 32 39 36 47 46 13 8 23 2 3 1 11 6 15 12 17 0 19 16 29 28 49 42 45 40 43 10 27 22 31 30 33 24 41 14 21 18 48 5 7 44 38
37 11 1 45 36 28 21 17 12 40 25 13 10 35 34 44 38 26 24 9 22 18 6 49 31 48 14 3 41 47 15 42 7 8 23 29 32 2 20 43 33 46 30 16 4 5 0 27 39 19
40 43 23 46 25 5 35 1 13 10 20 39 4 38 3 22 44 11 17 48 2 6 34 7 45 12 31 8 28 19 0 41 14 36 33 42 9 26 37 47 49 24 18 32 16 30 21 27 15 29
0 4 7 9 6 2 8 3 5 1
48 49 7 0 4 36 32 34 14 11 18 46 47 26 22 27 20 28 25 23 24 21 29 3 2 5 45 41 44 17 12 13 43 40 42 16 10 19 33 30 39 15 35 6 38 31 37 9 1 8
37 38 13 17 39 5 7 16 9 1 18 32 44 46 45 22 34 43 19 6 12 48 2 47 23 27 20 11 8 33 41 14 3 35 30 24 42 49 31 29 36 25 26 40 28 15 4 10 0 21
0 31 32 17 49 28 21 7 35 5 36 11 18 39 10 26 46 20 19 38 23 29 45 47 34 12 16 22 42 13 44 9 48 30 1 2 40 27 6 8 43 41 3 24 4 33 14 15 25 37
11 12 13 14 15 16 38 19 25 4 43 10 34 42 32 9 33 18 3 23 21 35 40 46 24 30 27 48 39 22 29 0 44 5 31 1 41 6 8 45 37 2 7 20 36 47 49 28 26 17
3 1 37 25 10 11 29 43 27 6 24 47 39 26 2 19 5 22 40 34 38 23 48 28 31 12 32 17 8 20 0 49 14 16 18 7 44 13 35 45 30 9 33 21 4 15 42 46 36 41
8 17 18 42 0 41 7 22 19 30 12 3 10 28 27 2 46 13 45 5 39 4 6 11 43 29 37 23 49 32 1 16 47 35 20 14 31 38 26 15 44 25 40 48 9 34 36 24 21 33
48 35 11 28 6 26 9 30 46 2 1 45 13 5 19 41 24 14 29 39 8 38 10 12 23 37 34 22 0 32 18 25 7 21 27 49 42 31 17 16 43 15 33 40 44 4 3 20 36 47
2 14 0 22 31 8 37 46 28 15 20 33 12 25 38 1 4 32 5 13 18 10 45 16 17 41 43 47 19 29 48 26 11 44 21 40 30 42 36 34 23 49 3 27 35 7 39 6 24 9
35 3 17 40 8 39 25 13 32 43 48 44 29 49 2 28 34 45 42 20 18 10 4 30 46 1 47 21 0 15 41 7 23 19 9 24 38 26 33 37 12 5 27 36 6 22 16 11 14 31
12 19 2 9 13 0 6 16 18 11 1 7 5 17 20 8 15 3 10 14 4 21
19 23 22 21 26 25 24 28 27 31 30 29 42 41 40 44 43 47 46 45 37 38 39 35 36 32 33 34 13 14 15 11 12 8 9 10 2 1 0 4 3 7 6 5 18 17 16 20
49 40 45 1 48 10 8 0 34 6 37 38 2 5 19 13 20 28 44 31 14 16 17 41 7 46 27 30 3 24 32 15 29 36 23 42 39 26 18 21 33 47 43 35 4 11 25 12 9 22
1 0 2 3
2 8 4 7 1 3 5 6 0 9
10 11 15 16 17 13 14 18 12 9 8 2 1 0 5 6 7 3 4 44 49 48 42 43 47 46 45 41 40 39 38 32 33 37 36 35 31 30 34 29 28 22 21 25 20 19 24 23 27 26
19 24 21 15 9 38 10 41 32 29 35 44 3 23 2 30 18 4 43 8 0 27 31 13 14 12 33 22 1 20 26 47 34 40 46 49 48 42 11 5 37 36 45 6 7 25 39 16 28 17
21 27 23 3 16 35 32 45 17 8 9 31 20 12 0 44 6 11 24 4 1 33 25 28 13 47 36 19 10 46 39 40 14 48 49 41 7 42 22 34 43 5 29 26 15 37 38 18 30 2
0 1 25 26 27 3 2 4 28 30 29 5 6 7 31 32 33 9 8 10 34 36 35 11 12 13 37 38 39 15 14 16 40 42 41 17 18 19 43 44 45 21 20 22 46 48 47 23 24 49
27 9 28 26 47 46 17 0 19 23 16 3 5 32 24 12 25 7 38 31 37 45 49 6 30 20 13 36 43 10 1 42 40 39 35 34 44 8 4 48 22 41 15 11 29 21 2 18 14 33
2 0 1 3
43 29 7 11 10 35 23 49 2 41 8 1 17 48 4 39 27 21 9 24 37 14 34 45 22 20 46 13 30 3 42 19 31 12 33 38 6 18 5 47 44 16 0 25 32 36 15 40 28 26
37 38 39 40 41 42 43 44 36 35 34 33 32 31 30 29 28 27 26 0 1 2 3 4 5 6 7 8 9 10 11 12 13 14 15 16 17 18 19 20 21 22 23 24 25 49 48 47 46 45
14 3 2 10 31 34 19 36 7 32 28 29 26 13 4 35 21 22 12 5 15 39 9 1 38 24 16 27 11 6 37 20 18 8 30 17 25 33 0 23
0 2 1 3 5 4 6 8 7 9 11 10 12 14 13 15 17 16 18 20 19 21 23 22 24 26 25 27 29 28 30 32 31 33 35 34 36 38 37 39 41 40 42 44 43 45 47 46 48 49
35 16 9 44 8 43 22 4 47 20 3 49 12 23 31 21 28 6 19 26 15 27 46 14 32 38 1 18 2 42 29 48 17 34 24 41 5 11 7 30 36 33 45 25 13 40 37 0 10 39
0 7 32 9 14 48 35 16 45 23 24 11 31 39 47 46 28 30 33 8 20 29 18 37 44 15 1 17 10 12 27 2 3 4 19 6 34 21 13 43 49 26 5 41 40 38 36 22 42 25
3 4 7 6 1 9 2 8 0 5
8 4 5 6 7 11 10 9 21 20 24 17 18 19 15 14 13 12 16 49 3 2 1 0 22 23 27 26 25 32 28 29 30 31 35 34 33 40 36 37 38 39 43 42 41 48 44 45 46 47
44 0 25 4 49 28 45 35 30 10 48 26 1 19 3 9 7 40 41 18 42 2 20 14 29 24 36 46 13 21 17 6 39 27 37 23 16 34 47 43 12 5 33 22 8 32 38 15 31 11
6 7 3 2 1 0 4 5 10 21 22 23 19 20 16 17 18 29 30 31 27 28 24 25 26 13 14 15 11 12 8 9 46 45 34 33 32 36 35 39 38 37 42 41 40 44 43 47
8 3 2 10 11 14 7 13 15 16 1 17 12 9 0 5 4 6
21 23 17 12 0 27 13 15 5 11 19 20 4 10 18 3 16 14 22 8 2 25 9 6 1 24 26 7
14 2 20 13 19 9 6 32 33 26 5 23 8 38 24 35 18 34 39 17 0 21 31 22 1 3 25 4 11 28 12 15 16 29 10 30 27 37 7 36
44 1 24 0 33 41 43 3 4 12 21 47 39 16 42 48 36 22 30 20 31 34 8 17 14 26 18 28 49 40 7 19 13 15 32 35 9 38 46 2 25 5 27 37 29 6 45 10 11 23
29 4 34 33 32 43 2 9 8 46 12 25 26 44 24 47 15 28 39 14 40 3 0 20 5 17 30 38 13 37 45 11 21 18 41 42 6 48 10 23 35 22 27 19 16 7 36 1 31 49
1 0 3 2 7 4 5 6 9 8 11 10 13 12 15 14 17 16 19 18 21 20 23 22 25 24 27 26 29 28 31 30 33 32 35 34 37 36 39 38 41 40 43 42 45 44 47 46 49 48
19 18 5 48 26 2 1 12 35 41 6 22 20 38 42 29 0 16 17 34 33 36 7 24 8 25 44 43 15 11 10 27 28 46 23 4 39 31 30 14 9 45 37 32 13 3 21 40 49 47
23 48 0 29 49 18 13 19 25 41 7 46 26 14 1 27 11 32 43 8 28 24 42 20 4 38 5 39 3 6 40 47 17 37 33 31 22 9 10 30 15 16 44 21 36 2 34 12 35 45
48 49 42 20 45 44 14 47 3 0 21 1 11 10 28 39 15 4 22 30 41 25 16 38 40 43 32 46 2 13 5 37 34 36 8 17 6 33 24 31 9 29 26 27 12 35 18 19 23 7
22 47 4 17 34 6 29 16 43 5 12 49 1 13 36 30 40 24 18 19 28 20 21 39 10 46 2 31 32 27 0 15 23 48 11 45 25 14 26 41 3 44 8 7 38 37 9 42 33 35
30 1 28 44 10 6 27 36 0 3 5 11 41 9 14 2 43 21 23 17 34 19 13 22 45 8 4 35 26 7 15 29 39 33 16 47 49 48 37 32 25 31 24 40 42 20 12 18 38 46
2 1 28 27 26 25 24 23 22 21 20 19 18 17 16 15 14 13 12 11 10 9 8 7 6 5 4 3 0 29
30 35 31 29 34 24 23 27 26 25 21 22 28 20 19 18 12 11 10 15 16 17 13 14 9 8 2 1 49 5 6 7 3 4 46 47 43 44 0 48 42 41 45 40 39 38 32 33 37 36
47 18 5 43 32 24 20 29 15 6 7 36 21 39 3 30 23 10 26 44 33 31 14 28 27 17 35 40 1 46 48 34 13 0 22 49 42 4 12 19 41 16 37 2 9 38 11 8 45 25
1 4 3 2 0 5
18 47 32 12 39 45 27 25 20 40 19 6 36 14 42 5 37 26 8 9 4 49 17 35 33 13 11 7 22 23 10 0 43 28 29 31 21 1 38 41 46 24 44 3 15 34 2 48 30 16
7 34 15 27 4 10 40 32 25 3 6 36 11 9 19 21 41 42 35 16 45 28 0 14 26 17 23 29 8 31 44 1 30 39 24 49 37 2 13 18 38 20 46 47 5 12 48 22 33 43
12 10 14 29 27 4 3 31 11 23 20 13 19 18 6 24 15 17 7 8 30 28 5 2 1 22 26 21 25 16 0 9
37 5 17 45 28 15 35 8 13 46 48 38 29 43 47 36 12 24 49 33 14 44 39 41 30 27 9 22 2 32 23 6 1 20 19 21 42 16 4 31 25 7 11 34 3 10 40 26 18 0
2 1 0 4 3 6 7 5
13 20 2 36 8 18 15 45 41 9 30 24 34 22 1 46 7 49 33 29 27 37 35 47 38 0 43 3 32 26 44 16 40 12 4 25 10 39 48 17 6 5 14 11 28 42 19 21 23 31
12 25 39 16 2 38 7 42 41 21 22 33 0 46 35 18 3 36 1 34 9 32 13 15 5 29 19 14 40 47 24 10 49 37 43 4 28 45 23 31 6 27 48 20 44 8 17 30 11 26
21 46 40 19 38 24 49 33 22 7 18 41 11 27 17 34 39 20 30 48 8 3 25 1 47 4 43 29 6 10 32 5 44 0 12 31 15 35 45 36 37 16 2 28 13 9 42 14 26 23
14 7 10 36 31 32 12 6 16 40 43 33 38 5 29 30 19 42 9 37 34 24 0 22 26 39 8 49 15 21 3 44 13 4 28 2 23 35 17 1 45 20 25 27 11 48 46 18 41 47
0 1 2 15 14 5 6 7 8 10 9 4 3 11 12 13
9 1 8 3 6 2 7 4 5 0
