7 3 8 12 15 4 5 6 14 16 13 1 2 9 11 10
2 1 4 3 6 5 8 7
4 3 5 2 6 1
19 11 4 9 7 16 8 6 15 3 1 20 18 2 17 5 13 12 10 14
9 4 6 2 1 5 8 10 7 3
4 3 1 2
3 9 5 8 2 4 6 7 1 10
3 1 2 4
9 3 10 7 2 5 8 1 6 4
15 12 11 3 4 9 1 6 5 8 14 16 7 17 2 18 13 10
4 3 1 6 5 2
3 2 1 5 4 7 8 6
1 2 3 16 15 6 7 8 9 11 10 5 4 12 13 14
10 2 9 4 7 3 8 5 6 1
1 2 7 6 5 4 3 8
9 10 5 1 2 7 3 4 6 8
3 2 6 1 5 4
10 17 11 1 9 8 5 18 14 15 13 19 20 12 3 4 2 16 7 6
2 1 8 11 9 14 12 17 3 7 10 19 18 13 5 6 4 15 20 16
15 6 13 1 11 14 8 10 5 2 12 4 3 16 7 9
11 10 5 8 4 3 12 1 7 9 2 6
2 4 6 3 5 1
4 10 7 12 1 11 9 6 8 2 5 3
11 18 6 12 19 20 15 10 7 5 8 13 17 14 1 16 3 4 9 2
3 2 1 5 4 6
11 7 6 5 12 10 4 2 1 8 3 9
13 1 14 7 8 3 5 9 11 10 6 12 2 4
20 11 2 18 10 5 6 14 1 13 17 8 16 9 7 4 3 19 15 12
11 10 9 3 1 4 12 7 5 14 6 8 13 16 15 2
5 3 6 4 1 2
7 4 8 6 11 12 10 2 3 5 1 9
1 4 6 3 5 8 2 7
12 5 14 9 11 1 2 8 7 10 4 3 13 6
8 7 5 6 3 4 2 1
1 4 2 5 3 6 8 7 9 12 10 13 16 11 15 14
10 2 4 1 3 6 9 5 7 8
1 9 8 2 4 3 5 7 6 10
6 2 4 7 1 5 8 3
5 2 3 4 1 6
3 2 4 1
18 11 10 4 12 15 3 9 2 13 5 6 7 8 1 16 14 17
1 5 3 4 2 6
1 8 5 4 2 3 7 6
13 14 15 7 8 9 10 11 12 6 5 4 18 17 16 1 2 3
1 3 5 4 7 2 8 6 9 12 14 10 11 16 13 15
3 1 6 4 2 5
19 2 1 6 20 3 13 10 16 14 9 4 11 7 17 18 8 15 12 5
13 10 3 4 7 8 1 6 12 2 11 9 14 5
1 5 2 6 3 7 4 8
1 3 6 2 8 5 10 4 11 7 12 9 14 16 13 15
3 2 6 4 5 1
10 8 6 7 5 3 2 1 4 9
1 3 5 4 2 6
15 16 12 11 10 9 13 14 6 7 8 4 5 1 2 3
9 7 2 10 3 4 6 5 1 8
17 16 15 14 13 12 11 10 9 8 7 6 5 4 3 2 1 18 19 20
5 1 2 4 6 3
3 5 7 2 1 6 8 9 10 4
3 19 2 8 17 14 13 10 5 12 9 4 16 15 7 20 18 6 11 1
9 2 1 3 4 5 6 7 8 10
13 2 10 14 6 9 16 4 15 7 1 5 12 11 3 8
20 19 18 17 15 16 2 1 3 7 8 9 10 11 12 13 14 6 4 5
6 10 5 7 4 1 9 8 2 3
1 2 3 5 4 6
13 12 2 3 11 10 9 7 6 5 14 15 16 1 4 8
3 1 2 4
1 3 7 6 2 5 4 8
1 2 4 3
4 5 10 12 7 6 3 15 14 17 9 18 13 16 1 8 2 20 11 19
7 6 5 10 3 2 9 8 1 4
5 2 1 3 4 6
